2025-06-03T10:59:14.555+08:00  INFO 29044 --- [main] c.d.k.s.d.DemoWebsocketApplicationKt     : Starting DemoWebsocketApplicationKt using Java 17.0.9 with PID 29044 (C:\Projects\IdeaProjects\Server\demo-websocket\build\classes\kotlin\main started by lenovo in C:\Projects\IdeaProjects\Server\demo-websocket)
2025-06-03T10:59:14.565+08:00  INFO 29044 --- [main] c.d.k.s.d.DemoWebsocketApplicationKt     : The following 1 profile is active: "dev"
2025-06-03T10:59:15.971+08:00 DEBUG 29044 --- [main] o.apache.tomcat.util.compat.Jre19Compat  : Class not found so assuming code is running on a pre-Java 19 JVM

java.lang.ClassNotFoundException: java.lang.WrongThreadException
	at java.base/jdk.internal.loader.BuiltinClassLoader.loadClass(BuiltinClassLoader.java:641) ~[na:na]
	at java.base/jdk.internal.loader.ClassLoaders$AppClassLoader.loadClass(ClassLoaders.java:188) ~[na:na]
	at java.base/java.lang.ClassLoader.loadClass(ClassLoader.java:520) ~[na:na]
	at java.base/java.lang.Class.forName0(Native Method) ~[na:na]
	at java.base/java.lang.Class.forName(Class.java:375) ~[na:na]
	at org.apache.tomcat.util.compat.Jre19Compat.<clinit>(Jre19Compat.java:37) ~[tomcat-embed-core-10.1.41.jar:10.1.41]
	at org.apache.tomcat.util.compat.JreCompat.<clinit>(JreCompat.java:74) ~[tomcat-embed-core-10.1.41.jar:10.1.41]
	at org.apache.catalina.startup.Tomcat.<clinit>(Tomcat.java:1195) ~[tomcat-embed-core-10.1.41.jar:10.1.41]
	at org.springframework.boot.web.embedded.tomcat.TomcatServletWebServerFactory.getWebServer(TomcatServletWebServerFactory.java:200) ~[spring-boot-3.5.0.jar:3.5.0]
	at org.springframework.boot.web.servlet.context.ServletWebServerApplicationContext.createWebServer(ServletWebServerApplicationContext.java:193) ~[spring-boot-3.5.0.jar:3.5.0]
	at org.springframework.boot.web.servlet.context.ServletWebServerApplicationContext.onRefresh(ServletWebServerApplicationContext.java:167) ~[spring-boot-3.5.0.jar:3.5.0]
	at org.springframework.context.support.AbstractApplicationContext.refresh(AbstractApplicationContext.java:621) ~[spring-context-6.2.7.jar:6.2.7]
	at org.springframework.boot.web.servlet.context.ServletWebServerApplicationContext.refresh(ServletWebServerApplicationContext.java:146) ~[spring-boot-3.5.0.jar:3.5.0]
	at org.springframework.boot.SpringApplication.refresh(SpringApplication.java:753) ~[spring-boot-3.5.0.jar:3.5.0]
	at org.springframework.boot.SpringApplication.refreshContext(SpringApplication.java:439) ~[spring-boot-3.5.0.jar:3.5.0]
	at org.springframework.boot.SpringApplication.run(SpringApplication.java:318) ~[spring-boot-3.5.0.jar:3.5.0]
	at org.springframework.boot.SpringApplication.run(SpringApplication.java:1362) ~[spring-boot-3.5.0.jar:3.5.0]
	at org.springframework.boot.SpringApplication.run(SpringApplication.java:1351) ~[spring-boot-3.5.0.jar:3.5.0]
	at com.darcy.kotlin.server.demowebsocket.DemoWebsocketApplicationKt.main(DemoWebsocketApplication.kt:13) ~[main/:na]

2025-06-03T10:59:15.975+08:00 DEBUG 29044 --- [main] o.apache.tomcat.util.compat.Jre21Compat  : Class not found so assuming code is running on a pre-Java 21 JVM

java.lang.ClassNotFoundException: java.util.SequencedCollection
	at java.base/jdk.internal.loader.BuiltinClassLoader.loadClass(BuiltinClassLoader.java:641) ~[na:na]
	at java.base/jdk.internal.loader.ClassLoaders$AppClassLoader.loadClass(ClassLoaders.java:188) ~[na:na]
	at java.base/java.lang.ClassLoader.loadClass(ClassLoader.java:520) ~[na:na]
	at java.base/java.lang.Class.forName0(Native Method) ~[na:na]
	at java.base/java.lang.Class.forName(Class.java:375) ~[na:na]
	at org.apache.tomcat.util.compat.Jre21Compat.<clinit>(Jre21Compat.java:53) ~[tomcat-embed-core-10.1.41.jar:10.1.41]
	at org.apache.tomcat.util.compat.JreCompat.<clinit>(JreCompat.java:74) ~[tomcat-embed-core-10.1.41.jar:10.1.41]
	at org.apache.catalina.startup.Tomcat.<clinit>(Tomcat.java:1195) ~[tomcat-embed-core-10.1.41.jar:10.1.41]
	at org.springframework.boot.web.embedded.tomcat.TomcatServletWebServerFactory.getWebServer(TomcatServletWebServerFactory.java:200) ~[spring-boot-3.5.0.jar:3.5.0]
	at org.springframework.boot.web.servlet.context.ServletWebServerApplicationContext.createWebServer(ServletWebServerApplicationContext.java:193) ~[spring-boot-3.5.0.jar:3.5.0]
	at org.springframework.boot.web.servlet.context.ServletWebServerApplicationContext.onRefresh(ServletWebServerApplicationContext.java:167) ~[spring-boot-3.5.0.jar:3.5.0]
	at org.springframework.context.support.AbstractApplicationContext.refresh(AbstractApplicationContext.java:621) ~[spring-context-6.2.7.jar:6.2.7]
	at org.springframework.boot.web.servlet.context.ServletWebServerApplicationContext.refresh(ServletWebServerApplicationContext.java:146) ~[spring-boot-3.5.0.jar:3.5.0]
	at org.springframework.boot.SpringApplication.refresh(SpringApplication.java:753) ~[spring-boot-3.5.0.jar:3.5.0]
	at org.springframework.boot.SpringApplication.refreshContext(SpringApplication.java:439) ~[spring-boot-3.5.0.jar:3.5.0]
	at org.springframework.boot.SpringApplication.run(SpringApplication.java:318) ~[spring-boot-3.5.0.jar:3.5.0]
	at org.springframework.boot.SpringApplication.run(SpringApplication.java:1362) ~[spring-boot-3.5.0.jar:3.5.0]
	at org.springframework.boot.SpringApplication.run(SpringApplication.java:1351) ~[spring-boot-3.5.0.jar:3.5.0]
	at com.darcy.kotlin.server.demowebsocket.DemoWebsocketApplicationKt.main(DemoWebsocketApplication.kt:13) ~[main/:na]

2025-06-03T10:59:15.975+08:00 DEBUG 29044 --- [main] o.apache.tomcat.util.compat.Jre22Compat  : Class not found so assuming code is running on a pre-Java 22 JVM

java.lang.ClassNotFoundException: java.text.ListFormat
	at java.base/jdk.internal.loader.BuiltinClassLoader.loadClass(BuiltinClassLoader.java:641) ~[na:na]
	at java.base/jdk.internal.loader.ClassLoaders$AppClassLoader.loadClass(ClassLoaders.java:188) ~[na:na]
	at java.base/java.lang.ClassLoader.loadClass(ClassLoader.java:520) ~[na:na]
	at java.base/java.lang.Class.forName0(Native Method) ~[na:na]
	at java.base/java.lang.Class.forName(Class.java:375) ~[na:na]
	at org.apache.tomcat.util.compat.Jre22Compat.<clinit>(Jre22Compat.java:37) ~[tomcat-embed-core-10.1.41.jar:10.1.41]
	at org.apache.tomcat.util.compat.JreCompat.<clinit>(JreCompat.java:74) ~[tomcat-embed-core-10.1.41.jar:10.1.41]
	at org.apache.catalina.startup.Tomcat.<clinit>(Tomcat.java:1195) ~[tomcat-embed-core-10.1.41.jar:10.1.41]
	at org.springframework.boot.web.embedded.tomcat.TomcatServletWebServerFactory.getWebServer(TomcatServletWebServerFactory.java:200) ~[spring-boot-3.5.0.jar:3.5.0]
	at org.springframework.boot.web.servlet.context.ServletWebServerApplicationContext.createWebServer(ServletWebServerApplicationContext.java:193) ~[spring-boot-3.5.0.jar:3.5.0]
	at org.springframework.boot.web.servlet.context.ServletWebServerApplicationContext.onRefresh(ServletWebServerApplicationContext.java:167) ~[spring-boot-3.5.0.jar:3.5.0]
	at org.springframework.context.support.AbstractApplicationContext.refresh(AbstractApplicationContext.java:621) ~[spring-context-6.2.7.jar:6.2.7]
	at org.springframework.boot.web.servlet.context.ServletWebServerApplicationContext.refresh(ServletWebServerApplicationContext.java:146) ~[spring-boot-3.5.0.jar:3.5.0]
	at org.springframework.boot.SpringApplication.refresh(SpringApplication.java:753) ~[spring-boot-3.5.0.jar:3.5.0]
	at org.springframework.boot.SpringApplication.refreshContext(SpringApplication.java:439) ~[spring-boot-3.5.0.jar:3.5.0]
	at org.springframework.boot.SpringApplication.run(SpringApplication.java:318) ~[spring-boot-3.5.0.jar:3.5.0]
	at org.springframework.boot.SpringApplication.run(SpringApplication.java:1362) ~[spring-boot-3.5.0.jar:3.5.0]
	at org.springframework.boot.SpringApplication.run(SpringApplication.java:1351) ~[spring-boot-3.5.0.jar:3.5.0]
	at com.darcy.kotlin.server.demowebsocket.DemoWebsocketApplicationKt.main(DemoWebsocketApplication.kt:13) ~[main/:na]

2025-06-03T10:59:16.099+08:00  INFO 29044 --- [main] o.s.b.w.embedded.tomcat.TomcatWebServer  : Tomcat initialized with port 7443 (https)
2025-06-03T10:59:16.113+08:00  INFO 29044 --- [main] o.apache.catalina.core.StandardService   : Starting service [Tomcat]
2025-06-03T10:59:16.113+08:00  INFO 29044 --- [main] o.apache.catalina.core.StandardEngine    : Starting Servlet engine: [Apache Tomcat/10.1.41]
2025-06-03T10:59:16.155+08:00  INFO 29044 --- [main] o.a.c.c.C.[Tomcat].[localhost].[/]       : Initializing Spring embedded WebApplicationContext
2025-06-03T10:59:16.155+08:00  INFO 29044 --- [main] w.s.c.ServletWebServerApplicationContext : Root WebApplicationContext: initialization completed in 1287 ms
2025-06-03T10:59:16.246+08:00  INFO 29044 --- [main] o.s.b.a.w.s.WelcomePageHandlerMapping    : Adding welcome page: class path resource [static/index.html]
2025-06-03T10:59:16.485+08:00 DEBUG 29044 --- [main] o.apache.tomcat.util.net.jsse.JSSEUtil   : The [protocols] that are active are : [[TLSv1.2]]
2025-06-03T10:59:16.485+08:00 DEBUG 29044 --- [main] u.n.o.c.OpenSSLCipherConfigurationParser : Ciphers used: [TLS_AES_128_GCM_SHA256,,TLS_ECDHE_ECDSA_WITH_AES_256_GCM_SHA384,,TLS_ECDHE_RSA_WITH_AES_256_GCM_SHA384,,TLS_RSA_WITH_AES_256_GCM_SHA384,]
2025-06-03T10:59:16.487+08:00 DEBUG 29044 --- [main] o.apache.tomcat.util.net.jsse.JSSEUtil   : The [ciphers] that are active are : [[TLS_AES_128_GCM_SHA256, TLS_ECDHE_ECDSA_WITH_AES_256_GCM_SHA384, TLS_ECDHE_RSA_WITH_AES_256_GCM_SHA384, TLS_RSA_WITH_AES_256_GCM_SHA384]]
2025-06-03T10:59:16.525+08:00  INFO 29044 --- [main] o.a.t.util.net.NioEndpoint.certificate   : Connector [https-jsse-nio-0.0.0.0-7443], TLS virtual host [_default_], certificate type [UNDEFINED] configured from keystore [C:\Users\lenovo\.keystore] using alias [test2] with trust store [null]
2025-06-03T10:59:16.528+08:00 DEBUG 29044 --- [main] o.a.t.util.net.NioEndpoint.certificate   : 
[
SHA-256 fingerprint: e6759592fbf94c807d658908211392bc8b3b568893452a92ddf8058d110db356
SHA-1 fingerprint: 99c423f08ac5c6d20ec1a5a88c74c3f7d3665497
[
[
  Version: V3
  Subject: CN=10.0.0.137, OU=DarcyHBJ, O=DarcyHBJ, L=BeiJing, ST=BeiJing, C=CN
  Signature Algorithm: SHA256withRSA, OID = 1.2.840.113549.1.1.11

  Key:  Sun RSA public key, 2048 bits
  params: null
  modulus: 20253178659443935652459559317102780218805260331960419905258026976202514910486653872726078442573100400646947606296611052578002559929007714541123644113059260456411862637102498284716366713156173993847029718285667199619358877040062703224692237763824695103357998946516940020829273475548908120870618034223109823009824815851250921480101893719898094417149162673301666257614216576240450788012216301669097266140635129217149481135149478661714499269804796868375249244807805872132008950027014605304513354483136632486695764791324421126960032187210240193847778642741067212698376025394100730154739987467280474318796661520591715311431
  public exponent: 65537
  Validity: [From: Wed May 28 14:25:11 CST 2025,
               To: Sat May 26 14:25:11 CST 2035]
  Issuer: CN=10.0.0.137, OU=DarcyHBJ, O=DarcyHBJ, L=BeiJing, ST=BeiJing, C=CN
  SerialNumber: [    31d117a6 2d96f5a1 81fbe0cf 9997582d b32fdca0]

Certificate Extensions: 1
[1]: ObjectId: 2.5.29.14 Criticality=false
SubjectKeyIdentifier [
KeyIdentifier [
0000: 34 97 22 A3 B1 FC 19 75   5F F1 0E 79 7F 32 FE F9  4."....u_..y.2..
0010: 63 18 BB 90                                        c...
]
]

]
  Algorithm: [SHA256withRSA]
  Signature:
0000: 56 2E 33 86 2A 6E 5B 3D   42 70 DE A7 08 86 9F 2B  V.3.*n[=Bp.....+
0010: F4 47 17 6A 57 DD 5D CA   30 E8 1C 6A 26 A1 9A 4B  .G.jW.].0..j&..K
0020: 1D EF 0C 1C 67 5B EC 98   A1 77 AC E4 82 04 3B 25  ....g[...w....;%
0030: 58 24 D5 9A 7E 03 34 A9   AA B6 3E EE 9A FD 3F 53  X$....4...>...?S
0040: D4 10 51 56 16 39 DF EE   21 43 CD 87 34 3C FA 74  ..QV.9..!C..4<.t
0050: 82 1E DA A7 A5 99 C6 8E   27 F3 BB 9F C8 1A 0B EA  ........'.......
0060: 70 FD 15 D6 33 66 04 7C   14 E0 F8 7A 61 C8 74 E1  p...3f.....za.t.
0070: 6B 05 6B 54 1F 84 34 E6   B2 41 88 BA DC 57 37 67  k.kT..4..A...W7g
0080: FE EC F5 24 5C 40 D6 75   91 96 6A 69 1C AC 5A D2  ...$\@.u..ji..Z.
0090: F4 64 78 97 8B 93 18 E7   90 0D B7 75 73 29 8D 10  .dx........us)..
00A0: 64 97 5A 58 E6 92 15 04   75 7E 4D 22 F0 6E B0 4E  d.ZX....u.M".n.N
00B0: FD 45 42 77 CA A4 CB A2   67 01 85 BB 26 DE F0 B9  .EBw....g...&...
00C0: 99 57 2D 91 E7 36 A2 9B   48 50 07 18 D2 83 A0 DC  .W-..6..HP......
00D0: A4 EC DB 17 05 20 96 4B   DA 55 55 06 CC 43 47 62  ..... .K.UU..CGb
00E0: 73 84 E5 73 03 3B 08 41   E8 53 75 E0 C3 E2 61 21  s..s.;.A.Su...a!
00F0: 72 1B 12 79 D7 6A F4 2C   C2 B4 90 32 82 0F 50 C9  r..y.j.,...2..P.

]
]
2025-06-03T10:59:16.540+08:00  INFO 29044 --- [main] o.s.b.w.embedded.tomcat.TomcatWebServer  : Tomcat started on port 7443 (https) with context path '/'
2025-06-03T10:59:16.545+08:00  INFO 29044 --- [main] c.d.k.s.d.DemoWebsocketApplicationKt     : Started DemoWebsocketApplicationKt in 2.568 seconds (process running for 3.036)
2025-06-03T11:12:21.507+08:00  INFO 29044 --- [SpringApplicationShutdownHook] o.s.b.w.e.tomcat.GracefulShutdown        : Commencing graceful shutdown. Waiting for active requests to complete
2025-06-03T11:12:21.808+08:00  INFO 29044 --- [tomcat-shutdown] o.s.b.w.e.tomcat.GracefulShutdown        : Graceful shutdown complete
